# JRE version: OpenJDK Runtime Environment (8.0_242-b01) (build 1.8.0_242-release-1644-b01)
# Java VM: OpenJDK 64-Bit Server VM (25.242-b01 mixed mode windows-amd64 compressed oops)
Heap:
 PSYoungGen      total 212992K, used 144714K [0x00000000e0000000, 0x00000000f1000000, 0x0000000100000000)
  eden space 207872K, 69% used [0x00000000e0000000,0x00000000e8d52ae8,0x00000000ecb00000)
  from space 5120K, 0% used [0x00000000ed380000,0x00000000ed380000,0x00000000ed880000)
  to   space 35328K, 0% used [0x00000000eed80000,0x00000000eed80000,0x00000000f1000000)
 ParOldGen       total 149504K, used 58402K [0x00000000a0000000, 0x00000000a9200000, 0x00000000e0000000)
  object space 149504K, 39% used [0x00000000a0000000,0x00000000a3908bd8,0x00000000a9200000)
 Metaspace       used 99559K, capacity 103608K, committed 104624K, reserved 1140736K
  class space    used 12918K, capacity 13754K, committed 14000K, reserved 1048576K
GC Heap History (10 events):
Event: 29.644 GC heap before
{Heap before GC invocations=17 (full 3):
 PSYoungGen      total 224768K, used 220229K [0x00000000e0000000, 0x00000000f1500000, 0x0000000100000000)
  eden space 203264K, 100% used [0x00000000e0000000,0x00000000ec680000,0x00000000ec680000)
  from space 21504K, 78% used [0x00000000ec680000,0x00000000ed7115d0,0x00000000edb80000)
  to   space 23552K, 0% used [0x00000000efe00000,0x00000000efe00000,0x00000000f1500000)
 ParOldGen       total 96768K, used 39625K [0x00000000a0000000, 0x00000000a5e80000, 0x00000000e0000000)
  object space 96768K, 40% used [0x00000000a0000000,0x00000000a26b2510,0x00000000a5e80000)
 Metaspace       used 75275K, capacity 78290K, committed 78384K, reserved 1116160K
  class space    used 10170K, capacity 10793K, committed 10800K, reserved 1048576K
Event: 29.685 GC heap after
Heap after GC invocations=17 (full 3):
 PSYoungGen      total 254464K, used 23537K [0x00000000e0000000, 0x00000000f1f80000, 0x0000000100000000)
  eden space 230912K, 0% used [0x00000000e0000000,0x00000000e0000000,0x00000000ee180000)
  from space 23552K, 99% used [0x00000000efe00000,0x00000000f14fc720,0x00000000f1500000)
  to   space 29184K, 0% used [0x00000000ee180000,0x00000000ee180000,0x00000000efe00000)
 ParOldGen       total 96768K, used 44631K [0x00000000a0000000, 0x00000000a5e80000, 0x00000000e0000000)
  object space 96768K, 46% used [0x00000000a0000000,0x00000000a2b95df8,0x00000000a5e80000)
 Metaspace       used 75275K, capacity 78290K, committed 78384K, reserved 1116160K
  class space    used 10170K, capacity 10793K, committed 10800K, reserved 1048576K
}
Event: 3523.837 GC heap before
{Heap before GC invocations=18 (full 3):
 PSYoungGen      total 254464K, used 254449K [0x00000000e0000000, 0x00000000f1f80000, 0x0000000100000000)
  eden space 230912K, 100% used [0x00000000e0000000,0x00000000ee180000,0x00000000ee180000)
  from space 23552K, 99% used [0x00000000efe00000,0x00000000f14fc720,0x00000000f1500000)
  to   space 29184K, 0% used [0x00000000ee180000,0x00000000ee180000,0x00000000efe00000)
 ParOldGen       total 96768K, used 44631K [0x00000000a0000000, 0x00000000a5e80000, 0x00000000e0000000)
  object space 96768K, 46% used [0x00000000a0000000,0x00000000a2b95df8,0x00000000a5e80000)
 Metaspace       used 82735K, capacity 86500K, committed 86832K, reserved 1124352K
  class space    used 10921K, capacity 11724K, committed 11824K, reserved 1048576K
Event: 3525.203 GC heap after
Heap after GC invocations=18 (full 3):
 PSYoungGen      total 243200K, used 21110K [0x00000000e0000000, 0x00000000f1480000, 0x0000000100000000)
  eden space 221696K, 0% used [0x00000000e0000000,0x00000000e0000000,0x00000000ed880000)
  from space 21504K, 98% used [0x00000000ee180000,0x00000000ef61da98,0x00000000ef680000)
  to   space 30720K, 0% used [0x00000000ef680000,0x00000000ef680000,0x00000000f1480000)
 ParOldGen       total 96768K, used 66157K [0x00000000a0000000, 0x00000000a5e80000, 0x00000000e0000000)
  object space 96768K, 68% used [0x00000000a0000000,0x00000000a409b438,0x00000000a5e80000)
 Metaspace       used 82735K, capacity 86500K, committed 86832K, reserved 1124352K
  class space    used 10921K, capacity 11724K, committed 11824K, reserved 1048576K
}
Event: 3552.277 GC heap before
{Heap before GC invocations=19 (full 3):
 PSYoungGen      total 243200K, used 242806K [0x00000000e0000000, 0x00000000f1480000, 0x0000000100000000)
  eden space 221696K, 100% used [0x00000000e0000000,0x00000000ed880000,0x00000000ed880000)
  from space 21504K, 98% used [0x00000000ee180000,0x00000000ef61da98,0x00000000ef680000)
  to   space 30720K, 0% used [0x00000000ef680000,0x00000000ef680000,0x00000000f1480000)
 ParOldGen       total 96768K, used 66157K [0x00000000a0000000, 0x00000000a5e80000, 0x00000000e0000000)
  object space 96768K, 68% used [0x00000000a0000000,0x00000000a409b438,0x00000000a5e80000)
 Metaspace       used 90748K, capacity 94778K, committed 95024K, reserved 1132544K
  class space    used 11873K, capacity 12744K, committed 12848K, reserved 1048576K
Event: 3552.815 GC heap after
Heap after GC invocations=19 (full 3):
 PSYoungGen      total 247296K, used 30709K [0x00000000e0000000, 0x00000000f4200000, 0x0000000100000000)
  eden space 216576K, 0% used [0x00000000e0000000,0x00000000e0000000,0x00000000ed380000)
  from space 30720K, 99% used [0x00000000ef680000,0x00000000f147d6b8,0x00000000f1480000)
  to   space 35840K, 0% used [0x00000000ed380000,0x00000000ed380000,0x00000000ef680000)
 ParOldGen       total 96768K, used 66460K [0x00000000a0000000, 0x00000000a5e80000, 0x00000000e0000000)
  object space 96768K, 68% used [0x00000000a0000000,0x00000000a40e7308,0x00000000a5e80000)
 Metaspace       used 90748K, capacity 94778K, committed 95024K, reserved 1132544K
  class space    used 11873K, capacity 12744K, committed 12848K, reserved 1048576K
}
Event: 3565.505 GC heap before
{Heap before GC invocations=20 (full 3):
 PSYoungGen      total 247296K, used 126345K [0x00000000e0000000, 0x00000000f4200000, 0x0000000100000000)
  eden space 216576K, 44% used [0x00000000e0000000,0x00000000e5d64d80,0x00000000ed380000)
  from space 30720K, 99% used [0x00000000ef680000,0x00000000f147d6b8,0x00000000f1480000)
  to   space 35840K, 0% used [0x00000000ed380000,0x00000000ed380000,0x00000000ef680000)
 ParOldGen       total 96768K, used 66460K [0x00000000a0000000, 0x00000000a5e80000, 0x00000000e0000000)
  object space 96768K, 68% used [0x00000000a0000000,0x00000000a40e7308,0x00000000a5e80000)
 Metaspace       used 94281K, capacity 98540K, committed 98600K, reserved 1134592K
  class space    used 12298K, capacity 13220K, committed 13232K, reserved 1048576K
Event: 3565.563 GC heap after
Heap after GC invocations=20 (full 3):
 PSYoungGen      total 212992K, used 4890K [0x00000000e0000000, 0x00000000f1000000, 0x0000000100000000)
  eden space 207872K, 0% used [0x00000000e0000000,0x00000000e0000000,0x00000000ecb00000)
  from space 5120K, 95% used [0x00000000ed380000,0x00000000ed846b70,0x00000000ed880000)
  to   space 35328K, 0% used [0x00000000eed80000,0x00000000eed80000,0x00000000f1000000)
 ParOldGen       total 96768K, used 88950K [0x00000000a0000000, 0x00000000a5e80000, 0x00000000e0000000)
  object space 96768K, 91% used [0x00000000a0000000,0x00000000a56ddb98,0x00000000a5e80000)
 Metaspace       used 94281K, capacity 98540K, committed 98600K, reserved 1134592K
  class space    used 12298K, capacity 13220K, committed 13232K, reserved 1048576K
}
Event: 3565.611 GC heap before
{Heap before GC invocations=21 (full 4):
 PSYoungGen      total 212992K, used 4890K [0x00000000e0000000, 0x00000000f1000000, 0x0000000100000000)
  eden space 207872K, 0% used [0x00000000e0000000,0x00000000e0000000,0x00000000ecb00000)
  from space 5120K, 95% used [0x00000000ed380000,0x00000000ed846b70,0x00000000ed880000)
  to   space 35328K, 0% used [0x00000000eed80000,0x00000000eed80000,0x00000000f1000000)
 ParOldGen       total 96768K, used 88950K [0x00000000a0000000, 0x00000000a5e80000, 0x00000000e0000000)
  object space 96768K, 91% used [0x00000000a0000000,0x00000000a56ddb98,0x00000000a5e80000)
 Metaspace       used 94281K, capacity 98540K, committed 98600K, reserved 1134592K
  class space    used 12298K, capacity 13220K, committed 13232K, reserved 1048576K
Event: 3575.529 GC heap after
Heap after GC invocations=21 (full 4):
 PSYoungGen      total 212992K, used 0K [0x00000000e0000000, 0x00000000f1000000, 0x0000000100000000)
  eden space 207872K, 0% used [0x00000000e0000000,0x00000000e0000000,0x00000000ecb00000)
  from space 5120K, 0% used [0x00000000ed380000,0x00000000ed380000,0x00000000ed880000)
  to   space 35328K, 0% used [0x00000000eed80000,0x00000000eed80000,0x00000000f1000000)
 ParOldGen       total 149504K, used 58402K [0x00000000a0000000, 0x00000000a9200000, 0x00000000e0000000)
  object space 149504K, 39% used [0x00000000a0000000,0x00000000a3908bd8,0x00000000a9200000)
 Metaspace       used 92965K, capacity 96252K, committed 98600K, reserved 1134592K
  class space    used 12036K, capacity 12760K, committed 13232K, reserved 1048576K
}

