# JRE version: OpenJDK Runtime Environment (8.0_242-b01) (build 1.8.0_242-release-1644-b01)
# Java VM: OpenJDK 64-Bit Server VM (25.242-b01 mixed mode windows-amd64 compressed oops)
Heap:
 PSYoungGen      total 445952K, used 133768K [0x00000000e0000000, 0x0000000100000000, 0x0000000100000000)
  eden space 363008K, 36% used [0x00000000e0000000,0x00000000e82a2348,0x00000000f6280000)
  from space 82944K, 0% used [0x00000000faf00000,0x00000000faf00000,0x0000000100000000)
  to   space 78336K, 0% used [0x00000000f6280000,0x00000000f6280000,0x00000000faf00000)
 ParOldGen       total 187392K, used 66599K [0x00000000a0000000, 0x00000000ab700000, 0x00000000e0000000)
  object space 187392K, 35% used [0x00000000a0000000,0x00000000a4109d18,0x00000000ab700000)
 Metaspace       used 89184K, capacity 93361K, committed 93480K, reserved 1130496K
  class space    used 11879K, capacity 12729K, committed 12848K, reserved 1048576K
GC Heap History (10 events):
Event: 36.128 GC heap before
{Heap before GC invocations=19 (full 4):
 PSYoungGen      total 293376K, used 29158K [0x00000000e0000000, 0x00000000fc980000, 0x0000000100000000)
  eden space 264192K, 0% used [0x00000000e0000000,0x00000000e0000000,0x00000000f0200000)
  from space 29184K, 99% used [0x00000000f0200000,0x00000000f1e798d0,0x00000000f1e80000)
  to   space 64000K, 0% used [0x00000000f8b00000,0x00000000f8b00000,0x00000000fc980000)
 ParOldGen       total 129024K, used 128526K [0x00000000a0000000, 0x00000000a7e00000, 0x00000000e0000000)
  object space 129024K, 99% used [0x00000000a0000000,0x00000000a7d83ad0,0x00000000a7e00000)
 Metaspace       used 77488K, capacity 81433K, committed 81704K, reserved 1120256K
  class space    used 10686K, capacity 11501K, committed 11568K, reserved 1048576K
Event: 37.319 GC heap after
Heap after GC invocations=19 (full 4):
 PSYoungGen      total 293376K, used 21457K [0x00000000e0000000, 0x00000000fc980000, 0x0000000100000000)
  eden space 264192K, 0% used [0x00000000e0000000,0x00000000e0000000,0x00000000f0200000)
  from space 29184K, 73% used [0x00000000f0200000,0x00000000f16f4730,0x00000000f1e80000)
  to   space 64000K, 0% used [0x00000000f8b00000,0x00000000f8b00000,0x00000000fc980000)
 ParOldGen       total 227328K, used 125929K [0x00000000a0000000, 0x00000000ade00000, 0x00000000e0000000)
  object space 227328K, 55% used [0x00000000a0000000,0x00000000a7afa750,0x00000000ade00000)
 Metaspace       used 77039K, capacity 80605K, committed 81704K, reserved 1120256K
  class space    used 10602K, capacity 11351K, committed 11568K, reserved 1048576K
}
Event: 227.818 GC heap before
{Heap before GC invocations=20 (full 4):
 PSYoungGen      total 293376K, used 285649K [0x00000000e0000000, 0x00000000fc980000, 0x0000000100000000)
  eden space 264192K, 100% used [0x00000000e0000000,0x00000000f0200000,0x00000000f0200000)
  from space 29184K, 73% used [0x00000000f0200000,0x00000000f16f4730,0x00000000f1e80000)
  to   space 64000K, 0% used [0x00000000f8b00000,0x00000000f8b00000,0x00000000fc980000)
 ParOldGen       total 227328K, used 125929K [0x00000000a0000000, 0x00000000ade00000, 0x00000000e0000000)
  object space 227328K, 55% used [0x00000000a0000000,0x00000000a7afa750,0x00000000ade00000)
 Metaspace       used 86450K, capacity 90369K, committed 90664K, reserved 1128448K
  class space    used 11711K, capacity 12539K, committed 12592K, reserved 1048576K
Event: 228.287 GC heap after
Heap after GC invocations=20 (full 4):
 PSYoungGen      total 343040K, used 30351K [0x00000000e0000000, 0x00000000faa80000, 0x0000000100000000)
  eden space 310784K, 0% used [0x00000000e0000000,0x00000000e0000000,0x00000000f2f80000)
  from space 32256K, 94% used [0x00000000f8b00000,0x00000000fa8a3d18,0x00000000faa80000)
  to   space 62976K, 0% used [0x00000000f2f80000,0x00000000f2f80000,0x00000000f6d00000)
 ParOldGen       total 227328K, used 147325K [0x00000000a0000000, 0x00000000ade00000, 0x00000000e0000000)
  object space 227328K, 64% used [0x00000000a0000000,0x00000000a8fdf690,0x00000000ade00000)
 Metaspace       used 86450K, capacity 90369K, committed 90664K, reserved 1128448K
  class space    used 11711K, capacity 12539K, committed 12592K, reserved 1048576K
}
Event: 234.504 GC heap before
{Heap before GC invocations=21 (full 4):
 PSYoungGen      total 343040K, used 341135K [0x00000000e0000000, 0x00000000faa80000, 0x0000000100000000)
  eden space 310784K, 100% used [0x00000000e0000000,0x00000000f2f80000,0x00000000f2f80000)
  from space 32256K, 94% used [0x00000000f8b00000,0x00000000fa8a3d18,0x00000000faa80000)
  to   space 62976K, 0% used [0x00000000f2f80000,0x00000000f2f80000,0x00000000f6d00000)
 ParOldGen       total 227328K, used 147325K [0x00000000a0000000, 0x00000000ade00000, 0x00000000e0000000)
  object space 227328K, 64% used [0x00000000a0000000,0x00000000a8fdf690,0x00000000ade00000)
 Metaspace       used 87590K, capacity 91571K, committed 91816K, reserved 1128448K
  class space    used 11751K, capacity 12594K, committed 12720K, reserved 1048576K
Event: 234.812 GC heap after
Heap after GC invocations=21 (full 4):
 PSYoungGen      total 373760K, used 62955K [0x00000000e0000000, 0x0000000100000000, 0x0000000100000000)
  eden space 310784K, 0% used [0x00000000e0000000,0x00000000e0000000,0x00000000f2f80000)
  from space 62976K, 99% used [0x00000000f2f80000,0x00000000f6cfad00,0x00000000f6d00000)
  to   space 82944K, 0% used [0x00000000faf00000,0x00000000faf00000,0x0000000100000000)
 ParOldGen       total 227328K, used 172149K [0x00000000a0000000, 0x00000000ade00000, 0x00000000e0000000)
  object space 227328K, 75% used [0x00000000a0000000,0x00000000aa81d498,0x00000000ade00000)
 Metaspace       used 87590K, capacity 91571K, committed 91816K, reserved 1128448K
  class space    used 11751K, capacity 12594K, committed 12720K, reserved 1048576K
}
Event: 244.297 GC heap before
{Heap before GC invocations=22 (full 4):
 PSYoungGen      total 373760K, used 373739K [0x00000000e0000000, 0x0000000100000000, 0x0000000100000000)
  eden space 310784K, 100% used [0x00000000e0000000,0x00000000f2f80000,0x00000000f2f80000)
  from space 62976K, 99% used [0x00000000f2f80000,0x00000000f6cfad00,0x00000000f6d00000)
  to   space 82944K, 0% used [0x00000000faf00000,0x00000000faf00000,0x0000000100000000)
 ParOldGen       total 227328K, used 172149K [0x00000000a0000000, 0x00000000ade00000, 0x00000000e0000000)
  object space 227328K, 75% used [0x00000000a0000000,0x00000000aa81d498,0x00000000ade00000)
 Metaspace       used 88033K, capacity 92081K, committed 92328K, reserved 1128448K
  class space    used 11764K, capacity 12613K, committed 12720K, reserved 1048576K
Event: 244.691 GC heap after
Heap after GC invocations=22 (full 4):
 PSYoungGen      total 445952K, used 24364K [0x00000000e0000000, 0x0000000100000000, 0x0000000100000000)
  eden space 363008K, 0% used [0x00000000e0000000,0x00000000e0000000,0x00000000f6280000)
  from space 82944K, 29% used [0x00000000faf00000,0x00000000fc6cb390,0x0000000100000000)
  to   space 78336K, 0% used [0x00000000f6280000,0x00000000f6280000,0x00000000faf00000)
 ParOldGen       total 227328K, used 204005K [0x00000000a0000000, 0x00000000ade00000, 0x00000000e0000000)
  object space 227328K, 89% used [0x00000000a0000000,0x00000000ac739738,0x00000000ade00000)
 Metaspace       used 88033K, capacity 92081K, committed 92328K, reserved 1128448K
  class space    used 11764K, capacity 12613K, committed 12720K, reserved 1048576K
}
Event: 244.692 GC heap before
{Heap before GC invocations=23 (full 5):
 PSYoungGen      total 445952K, used 24364K [0x00000000e0000000, 0x0000000100000000, 0x0000000100000000)
  eden space 363008K, 0% used [0x00000000e0000000,0x00000000e0000000,0x00000000f6280000)
  from space 82944K, 29% used [0x00000000faf00000,0x00000000fc6cb390,0x0000000100000000)
  to   space 78336K, 0% used [0x00000000f6280000,0x00000000f6280000,0x00000000faf00000)
 ParOldGen       total 227328K, used 204005K [0x00000000a0000000, 0x00000000ade00000, 0x00000000e0000000)
  object space 227328K, 89% used [0x00000000a0000000,0x00000000ac739738,0x00000000ade00000)
 Metaspace       used 88033K, capacity 92081K, committed 92328K, reserved 1128448K
  class space    used 11764K, capacity 12613K, committed 12720K, reserved 1048576K
Event: 245.530 GC heap after
Heap after GC invocations=23 (full 5):
 PSYoungGen      total 445952K, used 0K [0x00000000e0000000, 0x0000000100000000, 0x0000000100000000)
  eden space 363008K, 0% used [0x00000000e0000000,0x00000000e0000000,0x00000000f6280000)
  from space 82944K, 0% used [0x00000000faf00000,0x00000000faf00000,0x0000000100000000)
  to   space 78336K, 0% used [0x00000000f6280000,0x00000000f6280000,0x00000000faf00000)
 ParOldGen       total 187392K, used 66599K [0x00000000a0000000, 0x00000000ab700000, 0x00000000e0000000)
  object space 187392K, 35% used [0x00000000a0000000,0x00000000a4109d18,0x00000000ab700000)
 Metaspace       used 87771K, capacity 91777K, committed 92328K, reserved 1128448K
  class space    used 11742K, capacity 12573K, committed 12720K, reserved 1048576K
}

