# JRE version: OpenJDK Runtime Environment (8.0_202) (build 1.8.0_202-release-1483-b49-5587405)
# Java VM: OpenJDK 64-Bit Server VM (25.202-b49-5587405 mixed mode linux-amd64 compressed oops)
Heap:
 PSYoungGen      total 399360K, used 67053K [0x00000000e0000000, 0x00000000fc780000, 0x0000000100000000)
  eden space 332288K, 0% used [0x00000000e0000000,0x00000000e0000000,0x00000000f4480000)
  from space 67072K, 99% used [0x00000000f4480000,0x00000000f85fb7d8,0x00000000f8600000)
  to   space 54272K, 0% used [0x00000000f9280000,0x00000000f9280000,0x00000000fc780000)
 ParOldGen       total 181760K, used 175843K [0x00000000a0000000, 0x00000000ab180000, 0x00000000e0000000)
  object space 181760K, 96% used [0x00000000a0000000,0x00000000aabb8d80,0x00000000ab180000)
 Metaspace       used 85037K, capacity 88861K, committed 89088K, reserved 1126400K
  class space    used 11141K, capacity 11971K, committed 12032K, reserved 1048576K
GC Heap History (10 events):
Event: 2578,862 GC heap after
Heap after GC invocations=22 (full 4):
 PSYoungGen      total 277504K, used 9200K [0x00000000e0000000, 0x00000000f4100000, 0x0000000100000000)
  eden space 239616K, 0% used [0x00000000e0000000,0x00000000e0000000,0x00000000eea00000)
  from space 37888K, 24% used [0x00000000f1c00000,0x00000000f24fc050,0x00000000f4100000)
  to   space 44544K, 0% used [0x00000000eea00000,0x00000000eea00000,0x00000000f1580000)
 ParOldGen       total 181760K, used 109797K [0x00000000a0000000, 0x00000000ab180000, 0x00000000e0000000)
  object space 181760K, 60% used [0x00000000a0000000,0x00000000a6b39738,0x00000000ab180000)
 Metaspace       used 82137K, capacity 85317K, committed 85504K, reserved 1122304K
  class space    used 10976K, capacity 11683K, committed 11776K, reserved 1048576K
}
Event: 2581,906 GC heap before
{Heap before GC invocations=23 (full 4):
 PSYoungGen      total 277504K, used 248816K [0x00000000e0000000, 0x00000000f4100000, 0x0000000100000000)
  eden space 239616K, 100% used [0x00000000e0000000,0x00000000eea00000,0x00000000eea00000)
  from space 37888K, 24% used [0x00000000f1c00000,0x00000000f24fc050,0x00000000f4100000)
  to   space 44544K, 0% used [0x00000000eea00000,0x00000000eea00000,0x00000000f1580000)
 ParOldGen       total 181760K, used 109797K [0x00000000a0000000, 0x00000000ab180000, 0x00000000e0000000)
  object space 181760K, 60% used [0x00000000a0000000,0x00000000a6b39738,0x00000000ab180000)
 Metaspace       used 82986K, capacity 86199K, committed 86272K, reserved 1124352K
  class space    used 11012K, capacity 11738K, committed 11776K, reserved 1048576K
Event: 2582,022 GC heap after
Heap after GC invocations=23 (full 4):
 PSYoungGen      total 284160K, used 44525K [0x00000000e0000000, 0x00000000f8380000, 0x0000000100000000)
  eden space 239616K, 0% used [0x00000000e0000000,0x00000000e0000000,0x00000000eea00000)
  from space 44544K, 99% used [0x00000000eea00000,0x00000000f157b470,0x00000000f1580000)
  to   space 57344K, 0% used [0x00000000f4b80000,0x00000000f4b80000,0x00000000f8380000)
 ParOldGen       total 181760K, used 123837K [0x00000000a0000000, 0x00000000ab180000, 0x00000000e0000000)
  object space 181760K, 68% used [0x00000000a0000000,0x00000000a78ef630,0x00000000ab180000)
 Metaspace       used 82986K, capacity 86199K, committed 86272K, reserved 1124352K
  class space    used 11012K, capacity 11738K, committed 11776K, reserved 1048576K
}
Event: 2653,340 GC heap before
{Heap before GC invocations=24 (full 4):
 PSYoungGen      total 284160K, used 284141K [0x00000000e0000000, 0x00000000f8380000, 0x0000000100000000)
  eden space 239616K, 100% used [0x00000000e0000000,0x00000000eea00000,0x00000000eea00000)
  from space 44544K, 99% used [0x00000000eea00000,0x00000000f157b470,0x00000000f1580000)
  to   space 57344K, 0% used [0x00000000f4b80000,0x00000000f4b80000,0x00000000f8380000)
 ParOldGen       total 181760K, used 123837K [0x00000000a0000000, 0x00000000ab180000, 0x00000000e0000000)
  object space 181760K, 68% used [0x00000000a0000000,0x00000000a78ef630,0x00000000ab180000)
 Metaspace       used 83536K, capacity 87017K, committed 87168K, reserved 1124352K
  class space    used 11056K, capacity 11819K, committed 11904K, reserved 1048576K
Event: 2653,420 GC heap after
Heap after GC invocations=24 (full 4):
 PSYoungGen      total 323072K, used 10208K [0x00000000e0000000, 0x00000000f7980000, 0x0000000100000000)
  eden space 275968K, 0% used [0x00000000e0000000,0x00000000e0000000,0x00000000f0d80000)
  from space 47104K, 21% used [0x00000000f4b80000,0x00000000f5578030,0x00000000f7980000)
  to   space 55296K, 0% used [0x00000000f0d80000,0x00000000f0d80000,0x00000000f4380000)
 ParOldGen       total 181760K, used 126421K [0x00000000a0000000, 0x00000000ab180000, 0x00000000e0000000)
  object space 181760K, 69% used [0x00000000a0000000,0x00000000a7b756a0,0x00000000ab180000)
 Metaspace       used 83536K, capacity 87017K, committed 87168K, reserved 1124352K
  class space    used 11056K, capacity 11819K, committed 11904K, reserved 1048576K
}
Event: 2657,904 GC heap before
{Heap before GC invocations=25 (full 4):
 PSYoungGen      total 323072K, used 286176K [0x00000000e0000000, 0x00000000f7980000, 0x0000000100000000)
  eden space 275968K, 100% used [0x00000000e0000000,0x00000000f0d80000,0x00000000f0d80000)
  from space 47104K, 21% used [0x00000000f4b80000,0x00000000f5578030,0x00000000f7980000)
  to   space 55296K, 0% used [0x00000000f0d80000,0x00000000f0d80000,0x00000000f4380000)
 ParOldGen       total 181760K, used 126421K [0x00000000a0000000, 0x00000000ab180000, 0x00000000e0000000)
  object space 181760K, 69% used [0x00000000a0000000,0x00000000a7b756a0,0x00000000ab180000)
 Metaspace       used 84034K, capacity 87633K, committed 87680K, reserved 1124352K
  class space    used 11083K, capacity 11865K, committed 11904K, reserved 1048576K
Event: 2658,873 GC heap after
Heap after GC invocations=25 (full 4):
 PSYoungGen      total 331264K, used 55295K [0x00000000e0000000, 0x00000000fd880000, 0x0000000100000000)
  eden space 275968K, 0% used [0x00000000e0000000,0x00000000e0000000,0x00000000f0d80000)
  from space 55296K, 99% used [0x00000000f0d80000,0x00000000f437fe18,0x00000000f4380000)
  to   space 71680K, 0% used [0x00000000f9280000,0x00000000f9280000,0x00000000fd880000)
 ParOldGen       total 181760K, used 144940K [0x00000000a0000000, 0x00000000ab180000, 0x00000000e0000000)
  object space 181760K, 79% used [0x00000000a0000000,0x00000000a8d8b0f8,0x00000000ab180000)
 Metaspace       used 84034K, capacity 87633K, committed 87680K, reserved 1124352K
  class space    used 11083K, capacity 11865K, committed 11904K, reserved 1048576K
}
Event: 3966,935 GC heap before
{Heap before GC invocations=26 (full 4):
 PSYoungGen      total 331264K, used 331263K [0x00000000e0000000, 0x00000000fd880000, 0x0000000100000000)
  eden space 275968K, 100% used [0x00000000e0000000,0x00000000f0d80000,0x00000000f0d80000)
  from space 55296K, 99% used [0x00000000f0d80000,0x00000000f437fe18,0x00000000f4380000)
  to   space 71680K, 0% used [0x00000000f9280000,0x00000000f9280000,0x00000000fd880000)
 ParOldGen       total 181760K, used 144940K [0x00000000a0000000, 0x00000000ab180000, 0x00000000e0000000)
  object space 181760K, 79% used [0x00000000a0000000,0x00000000a8d8b0f8,0x00000000ab180000)
 Metaspace       used 84557K, capacity 88413K, committed 88576K, reserved 1126400K
  class space    used 11117K, capacity 11929K, committed 12032K, reserved 1048576K
Event: 3967,047 GC heap after
Heap after GC invocations=26 (full 4):
 PSYoungGen      total 386560K, used 25376K [0x00000000e0000000, 0x00000000fc780000, 0x0000000100000000)
  eden space 332288K, 0% used [0x00000000e0000000,0x00000000e0000000,0x00000000f4480000)
  from space 54272K, 46% used [0x00000000f9280000,0x00000000fab48040,0x00000000fc780000)
  to   space 67072K, 0% used [0x00000000f4480000,0x00000000f4480000,0x00000000f8600000)
 ParOldGen       total 181760K, used 149260K [0x00000000a0000000, 0x00000000ab180000, 0x00000000e0000000)
  object space 181760K, 82% used [0x00000000a0000000,0x00000000a91c30f8,0x00000000ab180000)
 Metaspace       used 84557K, capacity 88413K, committed 88576K, reserved 1126400K
  class space    used 11117K, capacity 11929K, committed 12032K, reserved 1048576K
}
Event: 3970,511 GC heap before
{Heap before GC invocations=27 (full 4):
 PSYoungGen      total 386560K, used 357664K [0x00000000e0000000, 0x00000000fc780000, 0x0000000100000000)
  eden space 332288K, 100% used [0x00000000e0000000,0x00000000f4480000,0x00000000f4480000)
  from space 54272K, 46% used [0x00000000f9280000,0x00000000fab48040,0x00000000fc780000)
  to   space 67072K, 0% used [0x00000000f4480000,0x00000000f4480000,0x00000000f8600000)
 ParOldGen       total 181760K, used 149260K [0x00000000a0000000, 0x00000000ab180000, 0x00000000e0000000)
  object space 181760K, 82% used [0x00000000a0000000,0x00000000a91c30f8,0x00000000ab180000)
 Metaspace       used 85037K, capacity 88861K, committed 89088K, reserved 1126400K
  class space    used 11141K, capacity 11971K, committed 12032K, reserved 1048576K

