# JRE version: OpenJDK Runtime Environment (8.0_202) (build 1.8.0_202-release-1483-b49-5587405)
# Java VM: OpenJDK 64-Bit Server VM (25.202-b49-5587405 mixed mode linux-amd64 compressed oops)
Heap:
 PSYoungGen      total 302080K, used 58365K [0x00000000e0000000, 0x00000000f8280000, 0x0000000100000000)
  eden space 243712K, 0% used [0x00000000e0000000,0x00000000e0000000,0x00000000eee00000)
  from space 58368K, 99% used [0x00000000f4980000,0x00000000f827f770,0x00000000f8280000)
  to   space 60416K, 0% used [0x00000000eee00000,0x00000000eee00000,0x00000000f2900000)
 ParOldGen       total 199680K, used 107500K [0x00000000a0000000, 0x00000000ac300000, 0x00000000e0000000)
  object space 199680K, 53% used [0x00000000a0000000,0x00000000a68fb1a0,0x00000000ac300000)
 Metaspace       used 85752K, capacity 89182K, committed 89384K, reserved 1126400K
  class space    used 11269K, capacity 12029K, committed 12072K, reserved 1048576K
GC Heap History (10 events):
Event: 220,585 GC heap after
Heap after GC invocations=21 (full 3):
 PSYoungGen      total 252416K, used 29693K [0x00000000e0000000, 0x00000000f6180000, 0x0000000100000000)
  eden space 222720K, 0% used [0x00000000e0000000,0x00000000e0000000,0x00000000ed980000)
  from space 29696K, 99% used [0x00000000f0d80000,0x00000000f2a7f660,0x00000000f2a80000)
  to   space 53248K, 0% used [0x00000000ed980000,0x00000000ed980000,0x00000000f0d80000)
 ParOldGen       total 114176K, used 113739K [0x00000000a0000000, 0x00000000a6f80000, 0x00000000e0000000)
  object space 114176K, 99% used [0x00000000a0000000,0x00000000a6f12f98,0x00000000a6f80000)
 Metaspace       used 84003K, capacity 87554K, committed 87848K, reserved 1124352K
  class space    used 11219K, capacity 11967K, committed 12072K, reserved 1048576K
}
Event: 220,585 GC heap before
{Heap before GC invocations=22 (full 4):
 PSYoungGen      total 252416K, used 29693K [0x00000000e0000000, 0x00000000f6180000, 0x0000000100000000)
  eden space 222720K, 0% used [0x00000000e0000000,0x00000000e0000000,0x00000000ed980000)
  from space 29696K, 99% used [0x00000000f0d80000,0x00000000f2a7f660,0x00000000f2a80000)
  to   space 53248K, 0% used [0x00000000ed980000,0x00000000ed980000,0x00000000f0d80000)
 ParOldGen       total 114176K, used 113739K [0x00000000a0000000, 0x00000000a6f80000, 0x00000000e0000000)
  object space 114176K, 99% used [0x00000000a0000000,0x00000000a6f12f98,0x00000000a6f80000)
 Metaspace       used 84003K, capacity 87554K, committed 87848K, reserved 1124352K
  class space    used 11219K, capacity 11967K, committed 12072K, reserved 1048576K
Event: 221,217 GC heap after
Heap after GC invocations=22 (full 4):
 PSYoungGen      total 252416K, used 0K [0x00000000e0000000, 0x00000000f6180000, 0x0000000100000000)
  eden space 222720K, 0% used [0x00000000e0000000,0x00000000e0000000,0x00000000ed980000)
  from space 29696K, 0% used [0x00000000f0d80000,0x00000000f0d80000,0x00000000f2a80000)
  to   space 53248K, 0% used [0x00000000ed980000,0x00000000ed980000,0x00000000f0d80000)
 ParOldGen       total 199680K, used 107188K [0x00000000a0000000, 0x00000000ac300000, 0x00000000e0000000)
  object space 199680K, 53% used [0x00000000a0000000,0x00000000a68ad1a0,0x00000000ac300000)
 Metaspace       used 83671K, capacity 87040K, committed 87848K, reserved 1124352K
  class space    used 11175K, capacity 11888K, committed 12072K, reserved 1048576K
}
Event: 379,636 GC heap before
{Heap before GC invocations=23 (full 4):
 PSYoungGen      total 252416K, used 222720K [0x00000000e0000000, 0x00000000f6180000, 0x0000000100000000)
  eden space 222720K, 100% used [0x00000000e0000000,0x00000000ed980000,0x00000000ed980000)
  from space 29696K, 0% used [0x00000000f0d80000,0x00000000f0d80000,0x00000000f2a80000)
  to   space 53248K, 0% used [0x00000000ed980000,0x00000000ed980000,0x00000000f0d80000)
 ParOldGen       total 199680K, used 107188K [0x00000000a0000000, 0x00000000ac300000, 0x00000000e0000000)
  object space 199680K, 53% used [0x00000000a0000000,0x00000000a68ad1a0,0x00000000ac300000)
 Metaspace       used 84402K, capacity 87832K, committed 88104K, reserved 1126400K
  class space    used 11213K, capacity 11934K, committed 12072K, reserved 1048576K
Event: 379,672 GC heap after
Heap after GC invocations=23 (full 4):
 PSYoungGen      total 275968K, used 7872K [0x00000000e0000000, 0x00000000f5b80000, 0x0000000100000000)
  eden space 222720K, 0% used [0x00000000e0000000,0x00000000e0000000,0x00000000ed980000)
  from space 53248K, 14% used [0x00000000ed980000,0x00000000ee130010,0x00000000f0d80000)
  to   space 51712K, 0% used [0x00000000f2900000,0x00000000f2900000,0x00000000f5b80000)
 ParOldGen       total 199680K, used 107196K [0x00000000a0000000, 0x00000000ac300000, 0x00000000e0000000)
  object space 199680K, 53% used [0x00000000a0000000,0x00000000a68af1a0,0x00000000ac300000)
 Metaspace       used 84402K, capacity 87832K, committed 88104K, reserved 1126400K
  class space    used 11213K, capacity 11934K, committed 12072K, reserved 1048576K
}
Event: 381,973 GC heap before
{Heap before GC invocations=24 (full 4):
 PSYoungGen      total 275968K, used 230592K [0x00000000e0000000, 0x00000000f5b80000, 0x0000000100000000)
  eden space 222720K, 100% used [0x00000000e0000000,0x00000000ed980000,0x00000000ed980000)
  from space 53248K, 14% used [0x00000000ed980000,0x00000000ee130010,0x00000000f0d80000)
  to   space 51712K, 0% used [0x00000000f2900000,0x00000000f2900000,0x00000000f5b80000)
 ParOldGen       total 199680K, used 107196K [0x00000000a0000000, 0x00000000ac300000, 0x00000000e0000000)
  object space 199680K, 53% used [0x00000000a0000000,0x00000000a68af1a0,0x00000000ac300000)
 Metaspace       used 85066K, capacity 88566K, committed 88872K, reserved 1126400K
  class space    used 11241K, capacity 11981K, committed 12072K, reserved 1048576K
Event: 382,063 GC heap after
Heap after GC invocations=24 (full 4):
 PSYoungGen      total 295424K, used 49873K [0x00000000e0000000, 0x00000000f7500000, 0x0000000100000000)
  eden space 243712K, 0% used [0x00000000e0000000,0x00000000e0000000,0x00000000eee00000)
  from space 51712K, 96% used [0x00000000f2900000,0x00000000f59b4510,0x00000000f5b80000)
  to   space 60416K, 0% used [0x00000000eee00000,0x00000000eee00000,0x00000000f2900000)
 ParOldGen       total 199680K, used 107204K [0x00000000a0000000, 0x00000000ac300000, 0x00000000e0000000)
  object space 199680K, 53% used [0x00000000a0000000,0x00000000a68b11a0,0x00000000ac300000)
 Metaspace       used 85066K, capacity 88566K, committed 88872K, reserved 1126400K
  class space    used 11241K, capacity 11981K, committed 12072K, reserved 1048576K
}
Event: 461,942 GC heap before
{Heap before GC invocations=25 (full 4):
 PSYoungGen      total 295424K, used 293585K [0x00000000e0000000, 0x00000000f7500000, 0x0000000100000000)
  eden space 243712K, 100% used [0x00000000e0000000,0x00000000eee00000,0x00000000eee00000)
  from space 51712K, 96% used [0x00000000f2900000,0x00000000f59b4510,0x00000000f5b80000)
  to   space 60416K, 0% used [0x00000000eee00000,0x00000000eee00000,0x00000000f2900000)
 ParOldGen       total 199680K, used 107204K [0x00000000a0000000, 0x00000000ac300000, 0x00000000e0000000)
  object space 199680K, 53% used [0x00000000a0000000,0x00000000a68b11a0,0x00000000ac300000)
 Metaspace       used 85285K, capacity 88810K, committed 89128K, reserved 1126400K
  class space    used 11247K, capacity 11989K, committed 12072K, reserved 1048576K
Event: 461,965 GC heap after
Heap after GC invocations=25 (full 4):
 PSYoungGen      total 304128K, used 8528K [0x00000000e0000000, 0x00000000f8280000, 0x0000000100000000)
  eden space 243712K, 0% used [0x00000000e0000000,0x00000000e0000000,0x00000000eee00000)
  from space 60416K, 14% used [0x00000000eee00000,0x00000000ef654040,0x00000000f2900000)
  to   space 58368K, 0% used [0x00000000f4980000,0x00000000f4980000,0x00000000f8280000)
 ParOldGen       total 199680K, used 107212K [0x00000000a0000000, 0x00000000ac300000, 0x00000000e0000000)
  object space 199680K, 53% used [0x00000000a0000000,0x00000000a68b31a0,0x00000000ac300000)
 Metaspace       used 85285K, capacity 88810K, committed 89128K, reserved 1126400K
  class space    used 11247K, capacity 11989K, committed 12072K, reserved 1048576K
}
Event: 464,590 GC heap before
{Heap before GC invocations=26 (full 4):
 PSYoungGen      total 304128K, used 252240K [0x00000000e0000000, 0x00000000f8280000, 0x0000000100000000)
  eden space 243712K, 100% used [0x00000000e0000000,0x00000000eee00000,0x00000000eee00000)
  from space 60416K, 14% used [0x00000000eee00000,0x00000000ef654040,0x00000000f2900000)
  to   space 58368K, 0% used [0x00000000f4980000,0x00000000f4980000,0x00000000f8280000)
 ParOldGen       total 199680K, used 107212K [0x00000000a0000000, 0x00000000ac300000, 0x00000000e0000000)
  object space 199680K, 53% used [0x00000000a0000000,0x00000000a68b31a0,0x00000000ac300000)
 Metaspace       used 85752K, capacity 89182K, committed 89384K, reserved 1126400K
  class space    used 11269K, capacity 12029K, committed 12072K, reserved 1048576K

