# JRE version: OpenJDK Runtime Environment (8.0_242-b01) (build 1.8.0_242-release-1644-b01)
# Java VM: OpenJDK 64-Bit Server VM (25.242-b01 mixed mode windows-amd64 compressed oops)
Heap:
 PSYoungGen      total 267776K, used 147697K [0x00000000e0000000, 0x00000000f7480000, 0x0000000100000000)
  eden space 185856K, 79% used [0x00000000e0000000,0x00000000e903c540,0x00000000eb580000)
  from space 81920K, 0% used [0x00000000f2480000,0x00000000f2480000,0x00000000f7480000)
  to   space 75776K, 0% used [0x00000000eb580000,0x00000000eb580000,0x00000000eff80000)
 ParOldGen       total 144896K, used 140109K [0x00000000a0000000, 0x00000000a8d80000, 0x00000000e0000000)
  object space 144896K, 96% used [0x00000000a0000000,0x00000000a88d3778,0x00000000a8d80000)
 Metaspace       used 100088K, capacity 104440K, committed 105256K, reserved 1140736K
  class space    used 13036K, capacity 13895K, committed 14120K, reserved 1048576K
GC Heap History (10 events):
Event: 4825.056 GC heap before
{Heap before GC invocations=31 (full 4):
 PSYoungGen      total 214016K, used 213990K [0x00000000e0000000, 0x00000000f4380000, 0x0000000100000000)
  eden space 160768K, 100% used [0x00000000e0000000,0x00000000e9d00000,0x00000000e9d00000)
  from space 53248K, 99% used [0x00000000ee480000,0x00000000f1879a10,0x00000000f1880000)
  to   space 73216K, 0% used [0x00000000e9d00000,0x00000000e9d00000,0x00000000ee480000)
 ParOldGen       total 141824K, used 98161K [0x00000000a0000000, 0x00000000a8a80000, 0x00000000e0000000)
  object space 141824K, 69% used [0x00000000a0000000,0x00000000a5fdc778,0x00000000a8a80000)
 Metaspace       used 99048K, capacity 103354K, committed 104104K, reserved 1138688K
  class space    used 12983K, capacity 13843K, committed 13992K, reserved 1048576K
Event: 4825.172 GC heap after
Heap after GC invocations=31 (full 4):
 PSYoungGen      total 233984K, used 43659K [0x00000000e0000000, 0x00000000f4b00000, 0x0000000100000000)
  eden space 160768K, 0% used [0x00000000e0000000,0x00000000e0000000,0x00000000e9d00000)
  from space 73216K, 59% used [0x00000000e9d00000,0x00000000ec7a2e80,0x00000000ee480000)
  to   space 74752K, 0% used [0x00000000f0200000,0x00000000f0200000,0x00000000f4b00000)
 ParOldGen       total 141824K, used 98169K [0x00000000a0000000, 0x00000000a8a80000, 0x00000000e0000000)
  object space 141824K, 69% used [0x00000000a0000000,0x00000000a5fde778,0x00000000a8a80000)
 Metaspace       used 99048K, capacity 103354K, committed 104104K, reserved 1138688K
  class space    used 12983K, capacity 13843K, committed 13992K, reserved 1048576K
}
Event: 5181.244 GC heap before
{Heap before GC invocations=32 (full 4):
 PSYoungGen      total 233984K, used 204427K [0x00000000e0000000, 0x00000000f4b00000, 0x0000000100000000)
  eden space 160768K, 100% used [0x00000000e0000000,0x00000000e9d00000,0x00000000e9d00000)
  from space 73216K, 59% used [0x00000000e9d00000,0x00000000ec7a2e80,0x00000000ee480000)
  to   space 74752K, 0% used [0x00000000f0200000,0x00000000f0200000,0x00000000f4b00000)
 ParOldGen       total 141824K, used 98169K [0x00000000a0000000, 0x00000000a8a80000, 0x00000000e0000000)
  object space 141824K, 69% used [0x00000000a0000000,0x00000000a5fde778,0x00000000a8a80000)
 Metaspace       used 99972K, capacity 104554K, committed 104744K, reserved 1140736K
  class space    used 13071K, capacity 13976K, committed 14120K, reserved 1048576K
Event: 5181.944 GC heap after
Heap after GC invocations=32 (full 4):
 PSYoungGen      total 259072K, used 43606K [0x00000000e0000000, 0x00000000f4980000, 0x0000000100000000)
  eden space 185856K, 0% used [0x00000000e0000000,0x00000000e0000000,0x00000000eb580000)
  from space 73216K, 59% used [0x00000000f0200000,0x00000000f2c95870,0x00000000f4980000)
  to   space 75776K, 0% used [0x00000000eb580000,0x00000000eb580000,0x00000000eff80000)
 ParOldGen       total 141824K, used 98177K [0x00000000a0000000, 0x00000000a8a80000, 0x00000000e0000000)
  object space 141824K, 69% used [0x00000000a0000000,0x00000000a5fe0778,0x00000000a8a80000)
 Metaspace       used 99972K, capacity 104554K, committed 104744K, reserved 1140736K
  class space    used 13071K, capacity 13976K, committed 14120K, reserved 1048576K
}
Event: 5190.701 GC heap before
{Heap before GC invocations=33 (full 4):
 PSYoungGen      total 259072K, used 229462K [0x00000000e0000000, 0x00000000f4980000, 0x0000000100000000)
  eden space 185856K, 100% used [0x00000000e0000000,0x00000000eb580000,0x00000000eb580000)
  from space 73216K, 59% used [0x00000000f0200000,0x00000000f2c95870,0x00000000f4980000)
  to   space 75776K, 0% used [0x00000000eb580000,0x00000000eb580000,0x00000000eff80000)
 ParOldGen       total 141824K, used 98177K [0x00000000a0000000, 0x00000000a8a80000, 0x00000000e0000000)
  object space 141824K, 69% used [0x00000000a0000000,0x00000000a5fe0778,0x00000000a8a80000)
 Metaspace       used 100424K, capacity 104950K, committed 105256K, reserved 1140736K
  class space    used 13103K, capacity 14030K, committed 14120K, reserved 1048576K
Event: 5191.044 GC heap after
Heap after GC invocations=33 (full 4):
 PSYoungGen      total 261632K, used 58434K [0x00000000e0000000, 0x00000000f7480000, 0x0000000100000000)
  eden space 185856K, 0% used [0x00000000e0000000,0x00000000e0000000,0x00000000eb580000)
  from space 75776K, 77% used [0x00000000eb580000,0x00000000eee90918,0x00000000eff80000)
  to   space 81920K, 0% used [0x00000000f2480000,0x00000000f2480000,0x00000000f7480000)
 ParOldGen       total 141824K, used 107281K [0x00000000a0000000, 0x00000000a8a80000, 0x00000000e0000000)
  object space 141824K, 75% used [0x00000000a0000000,0x00000000a68c4738,0x00000000a8a80000)
 Metaspace       used 100424K, capacity 104950K, committed 105256K, reserved 1140736K
  class space    used 13103K, capacity 14030K, committed 14120K, reserved 1048576K
}
Event: 5192.638 GC heap before
{Heap before GC invocations=34 (full 4):
 PSYoungGen      total 261632K, used 244063K [0x00000000e0000000, 0x00000000f7480000, 0x0000000100000000)
  eden space 185856K, 99% used [0x00000000e0000000,0x00000000eb5474e0,0x00000000eb580000)
  from space 75776K, 77% used [0x00000000eb580000,0x00000000eee90918,0x00000000eff80000)
  to   space 81920K, 0% used [0x00000000f2480000,0x00000000f2480000,0x00000000f7480000)
 ParOldGen       total 141824K, used 107281K [0x00000000a0000000, 0x00000000a8a80000, 0x00000000e0000000)
  object space 141824K, 75% used [0x00000000a0000000,0x00000000a68c4738,0x00000000a8a80000)
 Metaspace       used 100445K, capacity 105014K, committed 105256K, reserved 1140736K
  class space    used 13103K, capacity 14030K, committed 14120K, reserved 1048576K
Event: 5192.867 GC heap after
Heap after GC invocations=34 (full 4):
 PSYoungGen      total 267776K, used 81910K [0x00000000e0000000, 0x00000000f7480000, 0x0000000100000000)
  eden space 185856K, 0% used [0x00000000e0000000,0x00000000e0000000,0x00000000eb580000)
  from space 81920K, 99% used [0x00000000f2480000,0x00000000f747d948,0x00000000f7480000)
  to   space 75776K, 0% used [0x00000000eb580000,0x00000000eb580000,0x00000000eff80000)
 ParOldGen       total 144896K, used 143574K [0x00000000a0000000, 0x00000000a8d80000, 0x00000000e0000000)
  object space 144896K, 99% used [0x00000000a0000000,0x00000000a8c35b28,0x00000000a8d80000)
 Metaspace       used 100445K, capacity 105014K, committed 105256K, reserved 1140736K
  class space    used 13103K, capacity 14030K, committed 14120K, reserved 1048576K
}
Event: 5192.868 GC heap before
{Heap before GC invocations=35 (full 5):
 PSYoungGen      total 267776K, used 81910K [0x00000000e0000000, 0x00000000f7480000, 0x0000000100000000)
  eden space 185856K, 0% used [0x00000000e0000000,0x00000000e0000000,0x00000000eb580000)
  from space 81920K, 99% used [0x00000000f2480000,0x00000000f747d948,0x00000000f7480000)
  to   space 75776K, 0% used [0x00000000eb580000,0x00000000eb580000,0x00000000eff80000)
 ParOldGen       total 144896K, used 143574K [0x00000000a0000000, 0x00000000a8d80000, 0x00000000e0000000)
  object space 144896K, 99% used [0x00000000a0000000,0x00000000a8c35b28,0x00000000a8d80000)
 Metaspace       used 100445K, capacity 105014K, committed 105256K, reserved 1140736K
  class space    used 13103K, capacity 14030K, committed 14120K, reserved 1048576K
Event: 5195.221 GC heap after
Heap after GC invocations=35 (full 5):
 PSYoungGen      total 267776K, used 0K [0x00000000e0000000, 0x00000000f7480000, 0x0000000100000000)
  eden space 185856K, 0% used [0x00000000e0000000,0x00000000e0000000,0x00000000eb580000)
  from space 81920K, 0% used [0x00000000f2480000,0x00000000f2480000,0x00000000f7480000)
  to   space 75776K, 0% used [0x00000000eb580000,0x00000000eb580000,0x00000000eff80000)
 ParOldGen       total 144896K, used 140109K [0x00000000a0000000, 0x00000000a8d80000, 0x00000000e0000000)
  object space 144896K, 96% used [0x00000000a0000000,0x00000000a88d3778,0x00000000a8d80000)
 Metaspace       used 100010K, capacity 104342K, committed 105256K, reserved 1140736K
  class space    used 13033K, capacity 13890K, committed 14120K, reserved 1048576K
}

