# JRE version: OpenJDK Runtime Environment (8.0_242-b01) (build 1.8.0_242-release-1644-b01)
# Java VM: OpenJDK 64-Bit Server VM (25.242-b01 mixed mode windows-amd64 compressed oops)
Heap:
 PSYoungGen      total 475136K, used 14497K [0x00000000e0000000, 0x00000000ffd00000, 0x0000000100000000)
  eden space 429056K, 1% used [0x00000000e0000000,0x00000000e0859a50,0x00000000fa300000)
  from space 46080K, 12% used [0x00000000fd000000,0x00000000fd5cec60,0x00000000ffd00000)
  to   space 11776K, 0% used [0x00000000fa300000,0x00000000fa300000,0x00000000fae80000)
 ParOldGen       total 144896K, used 107727K [0x00000000a0000000, 0x00000000a8d80000, 0x00000000e0000000)
  object space 144896K, 74% used [0x00000000a0000000,0x00000000a6933cc0,0x00000000a8d80000)
 Metaspace       used 114355K, capacity 119837K, committed 120112K, reserved 1153024K
  class space    used 14464K, capacity 15548K, committed 15664K, reserved 1048576K
GC Heap History (10 events):
Event: 1026.364 GC heap before
{Heap before GC invocations=35 (full 4):
 PSYoungGen      total 468480K, used 439570K [0x00000000e0000000, 0x0000000100000000, 0x0000000100000000)
  eden space 416256K, 100% used [0x00000000e0000000,0x00000000f9680000,0x00000000f9680000)
  from space 52224K, 44% used [0x00000000fc700000,0x00000000fddc4bb8,0x00000000ffa00000)
  to   space 49664K, 0% used [0x00000000f9680000,0x00000000f9680000,0x00000000fc700000)
 ParOldGen       total 144896K, used 80934K [0x00000000a0000000, 0x00000000a8d80000, 0x00000000e0000000)
  object space 144896K, 55% used [0x00000000a0000000,0x00000000a4f09a08,0x00000000a8d80000)
 Metaspace       used 114264K, capacity 119695K, committed 119856K, reserved 1153024K
  class space    used 14463K, capacity 15547K, committed 15664K, reserved 1048576K
Event: 1026.390 GC heap after
Heap after GC invocations=35 (full 4):
 PSYoungGen      total 465920K, used 20927K [0x00000000e0000000, 0x00000000ff980000, 0x0000000100000000)
  eden space 416256K, 0% used [0x00000000e0000000,0x00000000e0000000,0x00000000f9680000)
  from space 49664K, 42% used [0x00000000f9680000,0x00000000faaeff70,0x00000000fc700000)
  to   space 47616K, 0% used [0x00000000fcb00000,0x00000000fcb00000,0x00000000ff980000)
 ParOldGen       total 144896K, used 80974K [0x00000000a0000000, 0x00000000a8d80000, 0x00000000e0000000)
  object space 144896K, 55% used [0x00000000a0000000,0x00000000a4f13a08,0x00000000a8d80000)
 Metaspace       used 114264K, capacity 119695K, committed 119856K, reserved 1153024K
  class space    used 14463K, capacity 15547K, committed 15664K, reserved 1048576K
}
Event: 1028.648 GC heap before
{Heap before GC invocations=36 (full 4):
 PSYoungGen      total 465920K, used 437183K [0x00000000e0000000, 0x00000000ff980000, 0x0000000100000000)
  eden space 416256K, 100% used [0x00000000e0000000,0x00000000f9680000,0x00000000f9680000)
  from space 49664K, 42% used [0x00000000f9680000,0x00000000faaeff70,0x00000000fc700000)
  to   space 47616K, 0% used [0x00000000fcb00000,0x00000000fcb00000,0x00000000ff980000)
 ParOldGen       total 144896K, used 80974K [0x00000000a0000000, 0x00000000a8d80000, 0x00000000e0000000)
  object space 144896K, 55% used [0x00000000a0000000,0x00000000a4f13a08,0x00000000a8d80000)
 Metaspace       used 114276K, capacity 119699K, committed 119856K, reserved 1153024K
  class space    used 14463K, capacity 15547K, committed 15664K, reserved 1048576K
Event: 1028.673 GC heap after
Heap after GC invocations=36 (full 4):
 PSYoungGen      total 470016K, used 9871K [0x00000000e0000000, 0x00000000ffe00000, 0x0000000100000000)
  eden space 422400K, 0% used [0x00000000e0000000,0x00000000e0000000,0x00000000f9c80000)
  from space 47616K, 20% used [0x00000000fcb00000,0x00000000fd4a3c70,0x00000000ff980000)
  to   space 47616K, 0% used [0x00000000f9c80000,0x00000000f9c80000,0x00000000fcb00000)
 ParOldGen       total 144896K, used 86372K [0x00000000a0000000, 0x00000000a8d80000, 0x00000000e0000000)
  object space 144896K, 59% used [0x00000000a0000000,0x00000000a5459330,0x00000000a8d80000)
 Metaspace       used 114276K, capacity 119699K, committed 119856K, reserved 1153024K
  class space    used 14463K, capacity 15547K, committed 15664K, reserved 1048576K
}
Event: 1037.304 GC heap before
{Heap before GC invocations=37 (full 4):
 PSYoungGen      total 470016K, used 432271K [0x00000000e0000000, 0x00000000ffe00000, 0x0000000100000000)
  eden space 422400K, 100% used [0x00000000e0000000,0x00000000f9c80000,0x00000000f9c80000)
  from space 47616K, 20% used [0x00000000fcb00000,0x00000000fd4a3c70,0x00000000ff980000)
  to   space 47616K, 0% used [0x00000000f9c80000,0x00000000f9c80000,0x00000000fcb00000)
 ParOldGen       total 144896K, used 86372K [0x00000000a0000000, 0x00000000a8d80000, 0x00000000e0000000)
  object space 144896K, 59% used [0x00000000a0000000,0x00000000a5459330,0x00000000a8d80000)
 Metaspace       used 114288K, capacity 119699K, committed 119856K, reserved 1153024K
  class space    used 14463K, capacity 15547K, committed 15664K, reserved 1048576K
Event: 1037.397 GC heap after
Heap after GC invocations=37 (full 4):
 PSYoungGen      total 470016K, used 7646K [0x00000000e0000000, 0x0000000100000000, 0x0000000100000000)
  eden space 422400K, 0% used [0x00000000e0000000,0x00000000e0000000,0x00000000f9c80000)
  from space 47616K, 16% used [0x00000000f9c80000,0x00000000fa3f7918,0x00000000fcb00000)
  to   space 47616K, 0% used [0x00000000fd180000,0x00000000fd180000,0x0000000100000000)
 ParOldGen       total 144896K, used 92991K [0x00000000a0000000, 0x00000000a8d80000, 0x00000000e0000000)
  object space 144896K, 64% used [0x00000000a0000000,0x00000000a5acfc98,0x00000000a8d80000)
 Metaspace       used 114288K, capacity 119699K, committed 119856K, reserved 1153024K
  class space    used 14463K, capacity 15547K, committed 15664K, reserved 1048576K
}
Event: 1039.962 GC heap before
{Heap before GC invocations=38 (full 4):
 PSYoungGen      total 470016K, used 430046K [0x00000000e0000000, 0x0000000100000000, 0x0000000100000000)
  eden space 422400K, 100% used [0x00000000e0000000,0x00000000f9c80000,0x00000000f9c80000)
  from space 47616K, 16% used [0x00000000f9c80000,0x00000000fa3f7918,0x00000000fcb00000)
  to   space 47616K, 0% used [0x00000000fd180000,0x00000000fd180000,0x0000000100000000)
 ParOldGen       total 144896K, used 92991K [0x00000000a0000000, 0x00000000a8d80000, 0x00000000e0000000)
  object space 144896K, 64% used [0x00000000a0000000,0x00000000a5acfc98,0x00000000a8d80000)
 Metaspace       used 114308K, capacity 119699K, committed 119856K, reserved 1153024K
  class space    used 14463K, capacity 15547K, committed 15664K, reserved 1048576K
Event: 1039.987 GC heap after
Heap after GC invocations=38 (full 4):
 PSYoungGen      total 476672K, used 6576K [0x00000000e0000000, 0x0000000100000000, 0x0000000100000000)
  eden space 429056K, 0% used [0x00000000e0000000,0x00000000e0000000,0x00000000fa300000)
  from space 47616K, 13% used [0x00000000fd180000,0x00000000fd7ec0c8,0x0000000100000000)
  to   space 47616K, 0% used [0x00000000fa300000,0x00000000fa300000,0x00000000fd180000)
 ParOldGen       total 144896K, used 97710K [0x00000000a0000000, 0x00000000a8d80000, 0x00000000e0000000)
  object space 144896K, 67% used [0x00000000a0000000,0x00000000a5f6b908,0x00000000a8d80000)
 Metaspace       used 114308K, capacity 119699K, committed 119856K, reserved 1153024K
  class space    used 14463K, capacity 15547K, committed 15664K, reserved 1048576K
}
Event: 1043.915 GC heap before
{Heap before GC invocations=39 (full 4):
 PSYoungGen      total 476672K, used 435632K [0x00000000e0000000, 0x0000000100000000, 0x0000000100000000)
  eden space 429056K, 100% used [0x00000000e0000000,0x00000000fa300000,0x00000000fa300000)
  from space 47616K, 13% used [0x00000000fd180000,0x00000000fd7ec0c8,0x0000000100000000)
  to   space 47616K, 0% used [0x00000000fa300000,0x00000000fa300000,0x00000000fd180000)
 ParOldGen       total 144896K, used 97710K [0x00000000a0000000, 0x00000000a8d80000, 0x00000000e0000000)
  object space 144896K, 67% used [0x00000000a0000000,0x00000000a5f6b908,0x00000000a8d80000)
 Metaspace       used 114335K, capacity 119827K, committed 120112K, reserved 1153024K
  class space    used 14463K, capacity 15547K, committed 15664K, reserved 1048576K
Event: 1044.102 GC heap after
Heap after GC invocations=39 (full 4):
 PSYoungGen      total 440832K, used 11365K [0x00000000e0000000, 0x00000000ffd00000, 0x0000000100000000)
  eden space 429056K, 0% used [0x00000000e0000000,0x00000000e0000000,0x00000000fa300000)
  from space 11776K, 96% used [0x00000000fa300000,0x00000000fae196e0,0x00000000fae80000)
  to   space 46080K, 0% used [0x00000000fd000000,0x00000000fd000000,0x00000000ffd00000)
 ParOldGen       total 144896K, used 99737K [0x00000000a0000000, 0x00000000a8d80000, 0x00000000e0000000)
  object space 144896K, 68% used [0x00000000a0000000,0x00000000a6166500,0x00000000a8d80000)
 Metaspace       used 114335K, capacity 119827K, committed 120112K, reserved 1153024K
  class space    used 14463K, capacity 15547K, committed 15664K, reserved 1048576K
}

